<?xml version="1.0" encoding="UTF-8"?>
<!-- Generated by org.testng.reporters.JUnitXMLReporter -->
<testsuite ignored="0" hostname="LAPTOP-R0NBRE37" failures="0" tests="3" name="Test" time="84.489" errors="0" timestamp="2025-02-08T16:15:24 IST">
  <testcase classname="testcases.PurchaseMobileTest" name="purchaseMobileTest" time="21.628"/>
  <testcase classname="testcases.PurchaseLaptopTest" name="purchaseLaptopTest" time="21.947"/>
  <testcase classname="testcases.PurchaseMonitorTest" name="purchaseMonitorTest" time="19.704"/>
</testsuite> <!-- Test -->
