<?xml version="1.0" encoding="UTF-8"?>
<!-- Generated by org.testng.reporters.JUnitXMLReporter -->
<testsuite ignored="0" hostname="LAPTOP-R0NBRE37" failures="0" tests="3" name="Test" time="86.675" errors="0" timestamp="2025-02-12T09:46:33 IST">
  <testcase classname="testcases.PurchaseMobileTest" name="purchaseMobileTest" time="21.468"/>
  <testcase classname="testcases.PurchaseLaptopTest" name="purchaseLaptopTest" time="20.549"/>
  <testcase classname="testcases.PurchaseMonitorTest" name="purchaseMonitorTest" time="20.202"/>
</testsuite> <!-- Test -->
