<?xml version="1.0" encoding="UTF-8"?>
<!-- Generated by org.testng.reporters.JUnitXMLReporter -->
<testsuite ignored="0" hostname="LAPTOP-R0NBRE37" failures="0" tests="3" name="Test" time="98.21" errors="0" timestamp="2025-02-08T13:13:46 IST">
  <testcase classname="testcases.PurchaseMobileTest" name="purchaseMobileTest" time="21.821"/>
  <testcase classname="testcases.PurchaseLaptopTest" name="purchaseLaptopTest" time="21.896"/>
  <testcase classname="testcases.PurchaseMonitorTest" name="purchaseMonitorTest" time="26.294"/>
</testsuite> <!-- Test -->
