<?xml version="1.0" encoding="UTF-8"?>
<testsuite xmlns:xsi="http://www.w3.org/2001/XMLSchema-instance" xsi:noNamespaceSchemaLocation="https://maven.apache.org/surefire/maven-surefire-plugin/xsd/surefire-test-report-3.0.xsd" version="3.0" name="TestSuite" time="87.639" tests="3" errors="0" skipped="0" failures="0">
  <properties>
[...]
</properties>
  <testcase name="purchaseMobileTest" classname="testcases.PurchaseMobileTest" time="21.472"/>
  <testcase name="purchaseLaptopTest" classname="testcases.PurchaseLaptopTest" time="20.594"/>
  <testcase name="purchaseMonitorTest" classname="testcases.PurchaseMonitorTest" time="20.207"/>
</testsuite>